1735353847833	geckodriver	INFO	Listening on 127.0.0.1:54337
1735353848343	mozrunner::runner	INFO	Running command: MOZ_CRASHREPORTER="1" MOZ_CRASHREPORTER_NO_REPORT="1" MOZ_CRASHREPORTER_SHUTDOWN="1" MOZ_NO_REMOTE="1" "/usr ... ge" "--remote-debugging-port" "36297" "--remote-allow-hosts" "localhost" "-no-remote" "-profile" "/tmp/rust_mozprofileXer5yJ"
[16860, Main Thread] WARNING: Locale not supported by C library.
	Using the fallback 'C' locale.: 'glib warning', file /build/firefox-Kzgdpo/firefox-133.0.3+build1/toolkit/xre/nsSigHandlers.cpp:201

(firefox:16860): Gtk-WARNING **: 08:44:08.371: Locale not supported by C library.
	Using the fallback 'C' locale.
/home/artem/snap/code/common/.cache/gio-modules/libgiolibproxy.so: cannot open shared object file: Permission denied
Failed to load module: /home/artem/snap/code/common/.cache/gio-modules/libgiolibproxy.so
[16860, Main Thread] WARNING: Theme parsing error: gtk-keys.css:1:0: Failed to import: Error opening file /snap/code/177/usr/share/themes/Default/gtk-3.0/gtk-keys.css: Permission denied: 'glib warning', file /build/firefox-Kzgdpo/firefox-133.0.3+build1/toolkit/xre/nsSigHandlers.cpp:201

(firefox:16860): Gtk-WARNING **: 08:44:08.436: Theme parsing error: gtk-keys.css:1:0: Failed to import: Error opening file /snap/code/177/usr/share/themes/Default/gtk-3.0/gtk-keys.css: Permission denied
Gtk-Message: 08:44:08.437: Failed to load module "canberra-gtk-module"
Gtk-Message: 08:44:08.440: Failed to load module "canberra-gtk-module"
console.warn: services.settings: Ignoring preference override of remote settings server
console.warn: services.settings: Allow by setting MOZ_REMOTE_SETTINGS_DEVTOOLS=1 in the environment
1735353849370	Marionette	INFO	Marionette enabled
console.error: "Warning: unrecognized command line flag" "-no-sandbox"
console.error: "Warning: unrecognized command line flag" "-disable-dev-shm-usage"
1735353849528	Marionette	INFO	Listening on port 42619
Read port: 42619
WebDriver BiDi listening on ws://127.0.0.1:36297
1735353850017	RemoteAgent	INFO	Proxy settings initialized: {"proxyType":"manual","httpProxy":"127.0.0.1:38975","sslProxy":"127.0.0.1:38975"}
1735353850017	RemoteAgent	WARN	TLS certificate errors will be ignored for this session
/home/artem/snap/code/common/.cache/gio-modules/libdconfsettings.so: cannot open shared object file: Permission denied
Failed to load module: /home/artem/snap/code/common/.cache/gio-modules/libdconfsettings.so
console.error: ({})
1735353934342	geckodriver	INFO	Listening on 127.0.0.1:44421
1735353934350	mozrunner::runner	INFO	Running command: MOZ_CRASHREPORTER="1" MOZ_CRASHREPORTER_NO_REPORT="1" MOZ_CRASHREPORTER_SHUTDOWN="1" MOZ_NO_REMOTE="1" "/usr ... ge" "--remote-debugging-port" "46771" "--remote-allow-hosts" "localhost" "-no-remote" "-profile" "/tmp/rust_mozprofileHAE5v8"
[17613, Main Thread] WARNING: Locale not supported by C library.
	Using the fallback 'C' locale.: 'glib warning', file /build/firefox-Kzgdpo/firefox-133.0.3+build1/toolkit/xre/nsSigHandlers.cpp:201

(firefox:17613): Gtk-WARNING **: 08:45:34.393: Locale not supported by C library.
	Using the fallback 'C' locale.
/home/artem/snap/code/common/.cache/gio-modules/libgiolibproxy.so: cannot open shared object file: Permission denied
Failed to load module: /home/artem/snap/code/common/.cache/gio-modules/libgiolibproxy.so
[17613, Main Thread] WARNING: Theme parsing error: gtk-keys.css:1:0: Failed to import: Error opening file /snap/code/177/usr/share/themes/Default/gtk-3.0/gtk-keys.css: Permission denied: 'glib warning', file /build/firefox-Kzgdpo/firefox-133.0.3+build1/toolkit/xre/nsSigHandlers.cpp:201

(firefox:17613): Gtk-WARNING **: 08:45:34.490: Theme parsing error: gtk-keys.css:1:0: Failed to import: Error opening file /snap/code/177/usr/share/themes/Default/gtk-3.0/gtk-keys.css: Permission denied
Gtk-Message: 08:45:34.491: Failed to load module "canberra-gtk-module"
Gtk-Message: 08:45:34.492: Failed to load module "canberra-gtk-module"
console.warn: services.settings: Ignoring preference override of remote settings server
console.warn: services.settings: Allow by setting MOZ_REMOTE_SETTINGS_DEVTOOLS=1 in the environment
1735353935635	Marionette	INFO	Marionette enabled
console.error: "Warning: unrecognized command line flag" "-no-sandbox"
console.error: "Warning: unrecognized command line flag" "-disable-dev-shm-usage"
1735353935800	Marionette	INFO	Listening on port 34877
Read port: 34877
WebDriver BiDi listening on ws://127.0.0.1:46771
1735353936171	RemoteAgent	INFO	Proxy settings initialized: {"proxyType":"manual","httpProxy":"127.0.0.1:37731","sslProxy":"127.0.0.1:37731"}
1735353936171	RemoteAgent	WARN	TLS certificate errors will be ignored for this session
/home/artem/snap/code/common/.cache/gio-modules/libdconfsettings.so: cannot open shared object file: Permission denied
Failed to load module: /home/artem/snap/code/common/.cache/gio-modules/libdconfsettings.so
console.error: ({})
[GFX1-]: RenderCompositorSWGL failed mapping default framebuffer, no dt
[Parent 16860, Main Thread] WARNING: Error releasing name org.mozilla.firefox.L3RtcC9ydXN0X21venByb2ZpbGVYZXI1eUo_: GDBus.Error:org.freedesktop.DBus.Error.AccessDenied: An AppArmor policy prevents this sender from sending this message to this recipient; type="method_call", sender=":1.290" (uid=1000 pid=16860 comm="/usr/lib/firefox/firefox --marionette --no-sandbox" label="firefox (enforce)") interface="org.freedesktop.DBus" member="ReleaseName" error name="(unset)" requested_reply="0" destination="org.freedesktop.DBus" (bus): 'glib warning', file /build/firefox-Kzgdpo/firefox-133.0.3+build1/toolkit/xre/nsSigHandlers.cpp:201

(firefox:16860): GLib-GIO-WARNING **: 08:46:12.523: Error releasing name org.mozilla.firefox.L3RtcC9ydXN0X21venByb2ZpbGVYZXI1eUo_: GDBus.Error:org.freedesktop.DBus.Error.AccessDenied: An AppArmor policy prevents this sender from sending this message to this recipient; type="method_call", sender=":1.290" (uid=1000 pid=16860 comm="/usr/lib/firefox/firefox --marionette --no-sandbox" label="firefox (enforce)") interface="org.freedesktop.DBus" member="ReleaseName" error name="(unset)" requested_reply="0" destination="org.freedesktop.DBus" (bus)
1735353972524	Marionette	INFO	Stopped listening on port 42619
[Parent 17613, Main Thread] WARNING: Error releasing name org.mozilla.firefox.L3RtcC9ydXN0X21venByb2ZpbGVIQUU1djg_: GDBus.Error:org.freedesktop.DBus.Error.AccessDenied: An AppArmor policy prevents this sender from sending this message to this recipient; type="method_call", sender=":1.297" (uid=1000 pid=17613 comm="/usr/lib/firefox/firefox --marionette --no-sandbox" label="firefox (enforce)") interface="org.freedesktop.DBus" member="ReleaseName" error name="(unset)" requested_reply="0" destination="org.freedesktop.DBus" (bus): 'glib warning', file /build/firefox-Kzgdpo/firefox-133.0.3+build1/toolkit/xre/nsSigHandlers.cpp:201

(firefox:17613): GLib-GIO-WARNING **: 08:46:12.603: Error releasing name org.mozilla.firefox.L3RtcC9ydXN0X21venByb2ZpbGVIQUU1djg_: GDBus.Error:org.freedesktop.DBus.Error.AccessDenied: An AppArmor policy prevents this sender from sending this message to this recipient; type="method_call", sender=":1.297" (uid=1000 pid=17613 comm="/usr/lib/firefox/firefox --marionette --no-sandbox" label="firefox (enforce)") interface="org.freedesktop.DBus" member="ReleaseName" error name="(unset)" requested_reply="0" destination="org.freedesktop.DBus" (bus)
1735353972604	Marionette	INFO	Stopped listening on port 34877
console.error: services.settings: 
Object
  - prototype Object
    - columnNumber = 0
    - data = null
    - filename = resource://gre/modules/ServiceRequest.sys.mjs
    - lineNumber = 127
    - location = {"name":"open","filename":"resource://gre/modules/ServiceRequest.sys.mjs","sourceId":24,"lineNumber":127,"columnNumber":11,"asyncCause":null,"asyncCaller":null,"caller":{"filename":"resource://services-settings/Utils.sys.mjs","name":"fetch/<","sourceId":23,"lineNumber":268,"columnNumber":15,"asyncCause":null,"asyncCaller":null,"caller":{"filename":"resource://services-settings/Utils.sys.mjs","name":"fetch","sourceId":23,"lineNumber":219,"columnNumber":12,"asyncCause":null,"asyncCaller":null,"caller":{"filename":"resource://services-common/kinto-http-client.sys.mjs","name":"timedFetch/<","sourceId":440,"lineNumber":569,"columnNumber":12,"asyncCause":null,"asyncCaller":null,"caller":{"filename":"resource://services-common/kinto-http-client.sys.mjs","name":"timedFetch","sourceId":440,"lineNumber":544,"columnNumber":12,"asyncCause":null,"asyncCaller":null,"caller":{"filename":"resource://services-common/kinto-http-client.sys.mjs","name":"request","sourceId":440,"lineNumber":634,"columnNumber":33,"asyncCause":null,"asyncCaller":null,"caller":{"filename":"resource://services-common/kinto-http-client.sys.mjs","name":"execute","sourceId":440,"lineNumber":2643,"columnNumber":36,"asyncCause":null,"asyncCaller":null,"caller":{"filename":"resource://services-common/kinto-http-client.sys.mjs","name":"getData","sourceId":440,"lineNumber":1119,"columnNumber":40,"asyncCause":null,"asyncCaller":null,"caller":{"filename":"resource://services-settings/RemoteSettingsClient.sys.mjs","name":"maybeSync","sourceId":21,"lineNumber":719,"columnNumber":54,"asyncCause":null,"asyncCaller":null,"caller":null,"formattedStack":"maybeSync@resource://services-settings/RemoteSettingsClient.sys.mjs:719:54\n","nativeSavedFrame":{}},"formattedStack":"getData@resource://services-common/kinto-http-client.sys.mjs:1119:40\nmaybeSync@resource://services-settings/RemoteSettingsClient.sys.mjs:719:54\n","nativeSavedFrame":{}},"formattedStack":"execute@resource://services-common/kinto-http-client.sys.mjs:2643:36\ngetData@resource://services-common/kinto-http-client.sys.mjs:1119:40\nmaybeSync@resource://services-settings/RemoteSettingsClient.sys.mjs:719:54\n","nativeSavedFrame":{}},"formattedStack":"request@resource://services-common/kinto-http-client.sys.mjs:634:33\nexecute@resource://services-common/kinto-http-client.sys.mjs:2643:36\ngetData@resource://services-common/kinto-http-client.sys.mjs:1119:40\nmaybeSync@resource://services-settings/RemoteSettingsClient.sys.mjs:719:54\n","nativeSavedFrame":{}},"formattedStack":"timedFetch@resource://services-common/kinto-http-client.sys.mjs:544:12\nrequest@resource://services-common/kinto-http-client.sys.mjs:634:33\nexecute@resource://services-common/kinto-http-client.sys.mjs:2643:36\ngetData@resource://services-common/kinto-http-client.sys.mjs:1119:40\nmaybeSync@resource://services-settings/RemoteSettingsClient.sys.mjs:719:54\n","nativeSavedFrame":{}},"formattedStack":"timedFetch/<@resource://services-common/kinto-http-client.sys.mjs:569:12\ntimedFetch@resource://services-common/kinto-http-client.sys.mjs:544:12\nrequest@resource://services-common/kinto-http-client.sys.mjs:634:33\nexecute@resource://services-common/kinto-http-client.sys.mjs:2643:36\ngetData@resource://services-common/kinto-http-client.sys.mjs:1119:40\nmaybeSync@resource://services-settings/RemoteSettingsClient.sys.mjs:719:54\n","nativeSavedFrame":{}},"formattedStack":"fetch@resource://services-settings/Utils.sys.mjs:219:12\ntimedFetch/<@resource://services-common/kinto-http-client.sys.mjs:569:12\ntimedFetch@resource://services-common/kinto-http-client.sys.mjs:544:12\nrequest@resource://services-common/kinto-http-client.sys.mjs:634:33\nexecute@resource://services-common/kinto-http-client.sys.mjs:2643:36\ngetData@resource://services-common/kinto-http-client.sys.mjs:1119:40\nmaybeSync@resource://services-settings/RemoteSettingsClient.sys.mjs:719:54\n","nativeSavedFrame":{}},"formattedStack":"fetch/<@resource://services-settings/Utils.sys.mjs:268:15\nfetch@resource://services-settings/Utils.sys.mjs:219:12\ntimedFetch/<@resource://services-common/kinto-http-client.sys.mjs:569:12\ntimedFetch@resource://services-common/kinto-http-client.sys.mjs:544:12\nrequest@resource://services-common/kinto-http-client.sys.mjs:634:33\nexecute@resource://services-common/kinto-http-client.sys.mjs:2643:36\ngetData@resource://services-common/kinto-http-client.sys.mjs:1119:40\nmaybeSync@resource://services-settings/RemoteSettingsClient.sys.mjs:719:54\n","nativeSavedFrame":{}},"formattedStack":"open@resource://gre/modules/ServiceRequest.sys.mjs:127:11\nfetch/<@resource://services-settings/Utils.sys.mjs:268:15\nfetch@resource://services-settings/Utils.sys.mjs:219:12\ntimedFetch/<@resource://services-common/kinto-http-client.sys.mjs:569:12\ntimedFetch@resource://services-common/kinto-http-client.sys.mjs:544:12\nrequest@resource://services-common/kinto-http-client.sys.mjs:634:33\nexecute@resource://services-common/kinto-http-client.sys.mjs:2643:36\ngetData@resource://services-common/kinto-http-client.sys.mjs:1119:40\nmaybeSync@resource://services-settings/RemoteSettingsClient.sys.mjs:719:54\n","nativeSavedFrame":{}}
    - message = 
    - name = 
    - result = 2152071198
    - stack = open@resource://gre/modules/ServiceRequest.sys.mjs:127:11|fetch/<@resource://services-settings/Utils.sys.mjs:268:15|fetch@resource://services-settings/Utils.sys.mjs:219:12|timedFetch/<@resource://services-common/kinto-http-client.sys.mjs:569:12|timedFetch@resource://services-common/kinto-http-client.sys.mjs:544:12|request@resource://services-common/kinto-http-client.sys.mjs:634:33|execute@resource://services-common/kinto-http-client.sys.mjs:2643:36|getData@resource://services-common/kinto-http-client.sys.mjs:1119:40|maybeSync@resource://services-settings/RemoteSettingsClient.sys.mjs:719:54|
  - prototype Object
console.error: ({details:{id:"4dd906e9-fe4e-fd64-8138-a2c7260b2199", last_modified:1727383809894, bucket:"security-state", collection:"onecrl", host:"firefox.settings.services.mozilla.com"}})
